[1030/195521.405:ERROR:directory_reader_win.cc(43)] FindFirstFile: The system cannot find the path specified. (0x3)
[1101/131150.798:ERROR:directory_reader_win.cc(43)] FindFirstFile: The system cannot find the path specified. (0x3)
[1103/153823.008:ERROR:directory_reader_win.cc(43)] FindFirstFile: The system cannot find the path specified. (0x3)
[1110/162322.514:ERROR:directory_reader_win.cc(43)] FindFirstFile: The system cannot find the path specified. (0x3)
[1112/184323.081:ERROR:directory_reader_win.cc(43)] FindFirstFile: The system cannot find the path specified. (0x3)
[1116/151516.764:ERROR:directory_reader_win.cc(43)] FindFirstFile: The system cannot find the path specified. (0x3)
[1121/172648.717:ERROR:directory_reader_win.cc(43)] FindFirstFile: The system cannot find the path specified. (0x3)
[1122/145950.165:ERROR:directory_reader_win.cc(43)] FindFirstFile: The system cannot find the path specified. (0x3)
[1124/151600.989:ERROR:directory_reader_win.cc(43)] FindFirstFile: The system cannot find the path specified. (0x3)
[1204/155301.809:ERROR:directory_reader_win.cc(43)] FindFirstFile: The system cannot find the path specified. (0x3)
[1205/155621.843:ERROR:directory_reader_win.cc(43)] FindFirstFile: The system cannot find the path specified. (0x3)
[1206/143823.702:ERROR:directory_reader_win.cc(43)] FindFirstFile: The system cannot find the path specified. (0x3)
[1208/150242.053:ERROR:directory_reader_win.cc(43)] FindFirstFile: The system cannot find the path specified. (0x3)
[1211/184418.186:ERROR:directory_reader_win.cc(43)] FindFirstFile: The system cannot find the path specified. (0x3)
[1218/150738.258:ERROR:directory_reader_win.cc(43)] FindFirstFile: The system cannot find the path specified. (0x3)
[1218/184515.331:ERROR:directory_reader_win.cc(43)] FindFirstFile: The system cannot find the path specified. (0x3)
[1226/145330.227:ERROR:directory_reader_win.cc(43)] FindFirstFile: The system cannot find the path specified. (0x3)
[1231/232948.585:ERROR:directory_reader_win.cc(43)] FindFirstFile: The system cannot find the path specified. (0x3)
[0101/191335.062:ERROR:directory_reader_win.cc(43)] FindFirstFile: The system cannot find the path specified. (0x3)
[0103/113752.063:ERROR:directory_reader_win.cc(43)] FindFirstFile: The system cannot find the path specified. (0x3)
[0105/093540.873:ERROR:directory_reader_win.cc(43)] FindFirstFile: The system cannot find the path specified. (0x3)
[0105/124828.555:ERROR:directory_reader_win.cc(43)] FindFirstFile: The system cannot find the path specified. (0x3)
[0105/163029.067:ERROR:process_reader_win.cc(151)] SuspendThread: Access is denied. (0x5)
[0105/163029.067:ERROR:process_reader_win.cc(151)] SuspendThread: Access is denied. (0x5)
[0105/163029.067:ERROR:process_reader_win.cc(151)] SuspendThread: Access is denied. (0x5)
[0105/163029.067:ERROR:process_reader_win.cc(151)] SuspendThread: Access is denied. (0x5)
[0105/163029.068:ERROR:process_reader_win.cc(151)] SuspendThread: Access is denied. (0x5)
[0105/163029.068:ERROR:process_reader_win.cc(151)] SuspendThread: Access is denied. (0x5)
[0105/163029.068:ERROR:process_reader_win.cc(151)] SuspendThread: Access is denied. (0x5)
[0105/163029.068:ERROR:process_reader_win.cc(151)] SuspendThread: Access is denied. (0x5)
[0105/163029.068:ERROR:process_reader_win.cc(151)] SuspendThread: Access is denied. (0x5)
[0105/163029.068:ERROR:process_reader_win.cc(151)] SuspendThread: Access is denied. (0x5)
[0105/163029.074:ERROR:process_reader_win.cc(151)] SuspendThread: Access is denied. (0x5)
[0105/163029.074:ERROR:process_reader_win.cc(151)] SuspendThread: Access is denied. (0x5)
[0105/163029.074:ERROR:process_reader_win.cc(151)] SuspendThread: Access is denied. (0x5)
[0105/163029.075:ERROR:process_reader_win.cc(151)] SuspendThread: Access is denied. (0x5)
[0105/163029.075:ERROR:process_reader_win.cc(151)] SuspendThread: Access is denied. (0x5)
[0105/163029.075:ERROR:process_reader_win.cc(151)] SuspendThread: Access is denied. (0x5)
[0105/163029.075:ERROR:process_reader_win.cc(151)] SuspendThread: Access is denied. (0x5)
[0105/163029.075:ERROR:process_reader_win.cc(151)] SuspendThread: Access is denied. (0x5)
[0105/163029.068:ERROR:process_reader_win.cc(123)] NtOpenThread: {Access Denied} A process has requested access to an object, but has not been granted those access rights. (0xc0000022)
[0105/163029.075:ERROR:process_reader_win.cc(123)] NtOpenThread: {Access Denied} A process has requested access to an object, but has not been granted those access rights. (0xc0000022)
[0105/163029.079:ERROR:exception_snapshot_win.cc(99)] thread ID 6412 not found in process
[0105/163029.079:ERROR:exception_snapshot_win.cc(99)] thread ID 6320 not found in process
[0105/163029.171:ERROR:process_reader_win.cc(151)] SuspendThread: Access is denied. (0x5)
[0105/163029.171:ERROR:process_reader_win.cc(151)] SuspendThread: Access is denied. (0x5)
[0105/163029.171:ERROR:process_reader_win.cc(151)] SuspendThread: Access is denied. (0x5)
[0105/163029.171:ERROR:process_reader_win.cc(151)] SuspendThread: Access is denied. (0x5)
[0105/163029.171:ERROR:process_reader_win.cc(151)] SuspendThread: Access is denied. (0x5)
[0105/163029.172:ERROR:process_reader_win.cc(151)] SuspendThread: Access is denied. (0x5)
[0105/163029.172:ERROR:process_reader_win.cc(151)] SuspendThread: Access is denied. (0x5)
[0105/163029.172:ERROR:process_reader_win.cc(151)] SuspendThread: Access is denied. (0x5)
[0105/163029.172:ERROR:process_reader_win.cc(151)] SuspendThread: Access is denied. (0x5)
[0105/163029.172:ERROR:process_reader_win.cc(151)] SuspendThread: Access is denied. (0x5)
[0105/163029.172:ERROR:process_reader_win.cc(151)] SuspendThread: Access is denied. (0x5)
[0105/163029.172:ERROR:process_reader_win.cc(123)] NtOpenThread: {Access Denied} A process has requested access to an object, but has not been granted those access rights. (0xc0000022)
[0105/163029.172:ERROR:exception_snapshot_win.cc(99)] thread ID 880 not found in process
[0105/163029.181:ERROR:process_reader_win.cc(151)] SuspendThread: Access is denied. (0x5)
[0105/163029.181:ERROR:process_reader_win.cc(151)] SuspendThread: Access is denied. (0x5)
[0105/163029.181:ERROR:process_reader_win.cc(151)] SuspendThread: Access is denied. (0x5)
[0105/163029.181:ERROR:process_reader_win.cc(151)] SuspendThread: Access is denied. (0x5)
[0105/163029.181:ERROR:process_reader_win.cc(151)] SuspendThread: Access is denied. (0x5)
[0105/163029.181:ERROR:process_reader_win.cc(151)] SuspendThread: Access is denied. (0x5)
[0105/163029.181:ERROR:process_reader_win.cc(151)] SuspendThread: Access is denied. (0x5)
[0105/163029.181:ERROR:process_reader_win.cc(151)] SuspendThread: Access is denied. (0x5)
[0105/163029.181:ERROR:process_reader_win.cc(151)] SuspendThread: Access is denied. (0x5)
[0105/163029.181:ERROR:process_reader_win.cc(123)] NtOpenThread: {Access Denied} A process has requested access to an object, but has not been granted those access rights. (0xc0000022)
[0105/163029.181:ERROR:exception_snapshot_win.cc(99)] thread ID 3560 not found in process
[0107/141238.420:ERROR:directory_reader_win.cc(43)] FindFirstFile: The system cannot find the path specified. (0x3)
[0109/135959.248:ERROR:directory_reader_win.cc(43)] FindFirstFile: The system cannot find the path specified. (0x3)
[0109/191308.177:ERROR:directory_reader_win.cc(43)] FindFirstFile: The system cannot find the path specified. (0x3)
[0113/091818.250:ERROR:directory_reader_win.cc(43)] FindFirstFile: The system cannot find the path specified. (0x3)
[0115/102514.378:ERROR:settings.cc(320)] Settings magic is not 1129342067
[0115/103514.410:ERROR:directory_reader_win.cc(43)] FindFirstFile: The system cannot find the path specified. (0x3)
[0115/171152.656:ERROR:directory_reader_win.cc(43)] FindFirstFile: The system cannot find the path specified. (0x3)
[0116/191434.673:ERROR:directory_reader_win.cc(43)] FindFirstFile: The system cannot find the path specified. (0x3)
[0117/094231.801:ERROR:directory_reader_win.cc(43)] FindFirstFile: The system cannot find the path specified. (0x3)
[0120/092504.259:ERROR:directory_reader_win.cc(43)] FindFirstFile: The system cannot find the path specified. (0x3)
